<?xml version="1.0" encoding="UTF-8"?>
<!-- Generated by org.testng.reporters.JUnitReportReporter -->
<testsuite hostname="hello" failures="0" tests="1" name="runner.Runner" time="386.751" errors="0" timestamp="2021-07-20T00:04:11 IST" skipped="0">
  <testcase classname="runner.Runner" name="feature" time="386.751"/>
  <system-out/>
</testsuite> <!-- runner.Runner -->
