<?xml version="1.0" encoding="UTF-8"?>
<!-- Generated by org.testng.reporters.JUnitReportReporter -->
<testsuite hostname="hello" failures="0" tests="1" name="runner.Runner" time="378.320" errors="0" timestamp="2021-07-19T20:24:00 IST" skipped="0">
  <testcase classname="runner.Runner" name="feature" time="378.320"/>
  <system-out/>
</testsuite> <!-- runner.Runner -->
